{"F:\\RSS 2024\\REACT2025Q3\\rs-react-app\\src\\components\\App.tsx": {"path":"F:\\RSS 2024\\REACT2025Q3\\rs-react-app\\src\\components\\App.tsx","all":false,"statementMap":{"0":{"start":{"line":1,"column":0},"end":{"line":1,"column":26}},"1":{"start":{"line":2,"column":0},"end":{"line":2,"column":52}},"2":{"start":{"line":3,"column":0},"end":{"line":3,"column":43}},"3":{"start":{"line":4,"column":0},"end":{"line":4,"column":37}},"4":{"start":{"line":5,"column":0},"end":{"line":5,"column":37}},"5":{"start":{"line":6,"column":0},"end":{"line":6,"column":67}},"6":{"start":{"line":7,"column":0},"end":{"line":7,"column":52}},"7":{"start":{"line":8,"column":0},"end":{"line":8,"column":19}},"38":{"start":{"line":39,"column":0},"end":{"line":39,"column":53}},"39":{"start":{"line":40,"column":0},"end":{"line":40,"column":30}},"40":{"start":{"line":41,"column":0},"end":{"line":41,"column":17}},"42":{"start":{"line":43,"column":0},"end":{"line":43,"column":18}},"43":{"start":{"line":44,"column":0},"end":{"line":44,"column":18}},"44":{"start":{"line":45,"column":0},"end":{"line":45,"column":23}},"45":{"start":{"line":46,"column":0},"end":{"line":46,"column":25}},"46":{"start":{"line":47,"column":0},"end":{"line":47,"column":24}},"47":{"start":{"line":48,"column":0},"end":{"line":48,"column":24}},"48":{"start":{"line":49,"column":0},"end":{"line":49,"column":14}},"49":{"start":{"line":50,"column":0},"end":{"line":50,"column":20}},"50":{"start":{"line":51,"column":0},"end":{"line":51,"column":21}},"51":{"start":{"line":52,"column":0},"end":{"line":52,"column":18}},"52":{"start":{"line":53,"column":0},"end":{"line":53,"column":30}},"53":{"start":{"line":54,"column":0},"end":{"line":54,"column":6}},"55":{"start":{"line":56,"column":0},"end":{"line":56,"column":53}},"56":{"start":{"line":57,"column":0},"end":{"line":57,"column":63}},"57":{"start":{"line":58,"column":0},"end":{"line":58,"column":45}},"58":{"start":{"line":59,"column":0},"end":{"line":59,"column":57}},"59":{"start":{"line":60,"column":0},"end":{"line":60,"column":57}},"60":{"start":{"line":61,"column":0},"end":{"line":61,"column":61}},"61":{"start":{"line":62,"column":0},"end":{"line":62,"column":3}},"63":{"start":{"line":64,"column":0},"end":{"line":64,"column":23}},"64":{"start":{"line":65,"column":0},"end":{"line":65,"column":57}},"65":{"start":{"line":66,"column":0},"end":{"line":66,"column":21}},"66":{"start":{"line":67,"column":0},"end":{"line":67,"column":50}},"67":{"start":{"line":68,"column":0},"end":{"line":68,"column":36}},"68":{"start":{"line":69,"column":0},"end":{"line":69,"column":12}},"69":{"start":{"line":70,"column":0},"end":{"line":70,"column":42}},"70":{"start":{"line":71,"column":0},"end":{"line":71,"column":28}},"71":{"start":{"line":72,"column":0},"end":{"line":72,"column":5}},"72":{"start":{"line":73,"column":0},"end":{"line":73,"column":3}},"74":{"start":{"line":75,"column":0},"end":{"line":75,"column":39}},"75":{"start":{"line":76,"column":0},"end":{"line":76,"column":46}},"76":{"start":{"line":77,"column":0},"end":{"line":77,"column":3}},"78":{"start":{"line":79,"column":0},"end":{"line":79,"column":34}},"79":{"start":{"line":80,"column":0},"end":{"line":80,"column":34}},"81":{"start":{"line":82,"column":0},"end":{"line":82,"column":45}},"83":{"start":{"line":84,"column":0},"end":{"line":84,"column":95}},"84":{"start":{"line":85,"column":0},"end":{"line":85,"column":26}},"85":{"start":{"line":86,"column":0},"end":{"line":86,"column":3}},"87":{"start":{"line":88,"column":0},"end":{"line":88,"column":22}},"88":{"start":{"line":89,"column":0},"end":{"line":89,"column":46}},"89":{"start":{"line":90,"column":0},"end":{"line":90,"column":3}},"91":{"start":{"line":92,"column":0},"end":{"line":92,"column":39}},"92":{"start":{"line":93,"column":0},"end":{"line":93,"column":50}},"93":{"start":{"line":94,"column":0},"end":{"line":94,"column":14}},"94":{"start":{"line":95,"column":0},"end":{"line":95,"column":27}},"95":{"start":{"line":96,"column":0},"end":{"line":96,"column":27}},"96":{"start":{"line":97,"column":0},"end":{"line":97,"column":40}},"97":{"start":{"line":98,"column":0},"end":{"line":98,"column":57}},"98":{"start":{"line":99,"column":0},"end":{"line":99,"column":11}},"99":{"start":{"line":100,"column":0},"end":{"line":100,"column":40}},"100":{"start":{"line":101,"column":0},"end":{"line":101,"column":63}},"101":{"start":{"line":102,"column":0},"end":{"line":102,"column":11}},"102":{"start":{"line":103,"column":0},"end":{"line":103,"column":64}},"103":{"start":{"line":104,"column":0},"end":{"line":104,"column":9}},"104":{"start":{"line":105,"column":0},"end":{"line":105,"column":31}},"105":{"start":{"line":106,"column":0},"end":{"line":106,"column":8}},"106":{"start":{"line":107,"column":0},"end":{"line":107,"column":36}},"107":{"start":{"line":108,"column":0},"end":{"line":108,"column":54}},"108":{"start":{"line":109,"column":0},"end":{"line":109,"column":25}},"109":{"start":{"line":110,"column":0},"end":{"line":110,"column":34}},"110":{"start":{"line":111,"column":0},"end":{"line":111,"column":32}},"111":{"start":{"line":112,"column":0},"end":{"line":112,"column":40}},"112":{"start":{"line":113,"column":0},"end":{"line":113,"column":40}},"113":{"start":{"line":114,"column":0},"end":{"line":114,"column":17}},"114":{"start":{"line":115,"column":0},"end":{"line":115,"column":40}},"115":{"start":{"line":116,"column":0},"end":{"line":116,"column":27}},"116":{"start":{"line":117,"column":0},"end":{"line":117,"column":24}},"117":{"start":{"line":118,"column":0},"end":{"line":118,"column":13}},"118":{"start":{"line":119,"column":0},"end":{"line":119,"column":16}},"119":{"start":{"line":120,"column":0},"end":{"line":120,"column":25}},"120":{"start":{"line":121,"column":0},"end":{"line":121,"column":24}},"121":{"start":{"line":122,"column":0},"end":{"line":122,"column":30}},"122":{"start":{"line":123,"column":0},"end":{"line":123,"column":30}},"123":{"start":{"line":124,"column":0},"end":{"line":124,"column":20}},"124":{"start":{"line":125,"column":0},"end":{"line":125,"column":26}},"125":{"start":{"line":126,"column":0},"end":{"line":126,"column":27}},"126":{"start":{"line":127,"column":0},"end":{"line":127,"column":42}},"127":{"start":{"line":128,"column":0},"end":{"line":128,"column":13}},"128":{"start":{"line":129,"column":0},"end":{"line":129,"column":9}},"129":{"start":{"line":130,"column":0},"end":{"line":130,"column":8}},"130":{"start":{"line":131,"column":0},"end":{"line":131,"column":23}},"131":{"start":{"line":132,"column":0},"end":{"line":132,"column":27}},"132":{"start":{"line":133,"column":0},"end":{"line":133,"column":23}},"133":{"start":{"line":134,"column":0},"end":{"line":134,"column":22}},"134":{"start":{"line":135,"column":0},"end":{"line":135,"column":28}},"135":{"start":{"line":136,"column":0},"end":{"line":136,"column":28}},"136":{"start":{"line":137,"column":0},"end":{"line":137,"column":18}},"137":{"start":{"line":138,"column":0},"end":{"line":138,"column":24}},"138":{"start":{"line":139,"column":0},"end":{"line":139,"column":25}},"139":{"start":{"line":140,"column":0},"end":{"line":140,"column":50}},"140":{"start":{"line":141,"column":0},"end":{"line":141,"column":11}},"141":{"start":{"line":142,"column":0},"end":{"line":142,"column":9}},"142":{"start":{"line":143,"column":0},"end":{"line":143,"column":3}},"144":{"start":{"line":145,"column":0},"end":{"line":145,"column":20}},"145":{"start":{"line":146,"column":0},"end":{"line":146,"column":33}},"146":{"start":{"line":147,"column":0},"end":{"line":147,"column":65}},"147":{"start":{"line":148,"column":0},"end":{"line":148,"column":5}},"148":{"start":{"line":149,"column":0},"end":{"line":149,"column":3}},"150":{"start":{"line":151,"column":0},"end":{"line":151,"column":20}},"151":{"start":{"line":152,"column":0},"end":{"line":152,"column":33}},"152":{"start":{"line":153,"column":0},"end":{"line":153,"column":65}},"153":{"start":{"line":154,"column":0},"end":{"line":154,"column":5}},"154":{"start":{"line":155,"column":0},"end":{"line":155,"column":3}},"156":{"start":{"line":157,"column":0},"end":{"line":157,"column":12}},"157":{"start":{"line":158,"column":0},"end":{"line":158,"column":12}},"158":{"start":{"line":159,"column":0},"end":{"line":159,"column":36}},"159":{"start":{"line":160,"column":0},"end":{"line":160,"column":18}},"160":{"start":{"line":161,"column":0},"end":{"line":161,"column":20}},"161":{"start":{"line":162,"column":0},"end":{"line":162,"column":38}},"162":{"start":{"line":163,"column":0},"end":{"line":163,"column":41}},"163":{"start":{"line":164,"column":0},"end":{"line":164,"column":43}},"164":{"start":{"line":165,"column":0},"end":{"line":165,"column":10}},"165":{"start":{"line":166,"column":0},"end":{"line":166,"column":32}},"166":{"start":{"line":167,"column":0},"end":{"line":167,"column":41}},"167":{"start":{"line":168,"column":0},"end":{"line":168,"column":20}},"168":{"start":{"line":169,"column":0},"end":{"line":169,"column":57}},"169":{"start":{"line":170,"column":0},"end":{"line":170,"column":17}},"170":{"start":{"line":171,"column":0},"end":{"line":171,"column":49}},"171":{"start":{"line":172,"column":0},"end":{"line":172,"column":67}},"172":{"start":{"line":173,"column":0},"end":{"line":173,"column":14}},"173":{"start":{"line":174,"column":0},"end":{"line":174,"column":55}},"174":{"start":{"line":175,"column":0},"end":{"line":175,"column":49}},"175":{"start":{"line":176,"column":0},"end":{"line":176,"column":23}},"176":{"start":{"line":177,"column":0},"end":{"line":177,"column":47}},"177":{"start":{"line":178,"column":0},"end":{"line":178,"column":52}},"178":{"start":{"line":179,"column":0},"end":{"line":179,"column":17}},"180":{"start":{"line":181,"column":0},"end":{"line":181,"column":25}},"181":{"start":{"line":182,"column":0},"end":{"line":182,"column":51}},"182":{"start":{"line":183,"column":0},"end":{"line":183,"column":71}},"183":{"start":{"line":184,"column":0},"end":{"line":184,"column":23}},"184":{"start":{"line":185,"column":0},"end":{"line":185,"column":23}},"185":{"start":{"line":186,"column":0},"end":{"line":186,"column":47}},"186":{"start":{"line":187,"column":0},"end":{"line":187,"column":52}},"187":{"start":{"line":188,"column":0},"end":{"line":188,"column":17}},"189":{"start":{"line":190,"column":0},"end":{"line":190,"column":25}},"190":{"start":{"line":191,"column":0},"end":{"line":191,"column":20}},"191":{"start":{"line":192,"column":0},"end":{"line":192,"column":15}},"192":{"start":{"line":193,"column":0},"end":{"line":193,"column":19}},"193":{"start":{"line":194,"column":0},"end":{"line":194,"column":14}},"194":{"start":{"line":195,"column":0},"end":{"line":195,"column":77}},"195":{"start":{"line":196,"column":0},"end":{"line":196,"column":23}},"196":{"start":{"line":197,"column":0},"end":{"line":197,"column":12}},"198":{"start":{"line":199,"column":0},"end":{"line":199,"column":3}},"199":{"start":{"line":200,"column":0},"end":{"line":200,"column":1}},"201":{"start":{"line":202,"column":0},"end":{"line":202,"column":19}}},"s":{"0":1,"1":1,"2":1,"3":1,"4":1,"5":1,"6":1,"7":1,"38":1,"39":1,"40":6,"42":6,"43":6,"44":6,"45":6,"46":6,"47":6,"48":6,"49":6,"50":6,"51":6,"52":6,"53":6,"55":6,"56":6,"57":6,"58":6,"59":6,"60":6,"61":6,"63":1,"64":6,"65":6,"66":1,"67":1,"68":6,"69":5,"70":5,"71":5,"72":6,"74":1,"75":5,"76":5,"78":1,"79":7,"81":7,"83":7,"84":7,"85":7,"87":1,"88":0,"89":0,"91":1,"92":7,"93":7,"94":7,"95":6,"96":2,"97":1,"98":1,"99":1,"100":1,"101":1,"102":0,"103":0,"104":4,"105":7,"106":7,"107":4,"108":4,"109":4,"110":4,"111":4,"112":4,"113":4,"114":4,"115":4,"116":4,"117":4,"118":4,"119":0,"120":0,"121":0,"122":0,"123":0,"124":0,"125":0,"126":0,"127":0,"128":0,"129":7,"130":7,"131":3,"132":3,"133":3,"134":3,"135":3,"136":3,"137":3,"138":3,"139":3,"140":3,"141":7,"142":7,"144":1,"145":0,"146":0,"147":0,"148":0,"150":1,"151":0,"152":0,"153":0,"154":0,"156":1,"157":25,"158":25,"159":25,"160":25,"161":25,"162":25,"163":25,"164":25,"165":25,"166":25,"167":0,"168":0,"169":0,"170":25,"171":25,"172":9,"173":9,"174":9,"175":9,"176":9,"177":9,"178":9,"180":9,"181":9,"182":9,"183":9,"184":9,"185":9,"186":9,"187":9,"189":9,"190":9,"191":9,"192":16,"193":25,"194":25,"195":25,"196":25,"198":25,"199":1,"201":1},"branchMap":{"0":{"type":"branch","line":40,"loc":{"start":{"line":40,"column":2},"end":{"line":62,"column":3}},"locations":[{"start":{"line":40,"column":2},"end":{"line":62,"column":3}}]},"1":{"type":"branch","line":64,"loc":{"start":{"line":64,"column":2},"end":{"line":73,"column":3}},"locations":[{"start":{"line":64,"column":2},"end":{"line":73,"column":3}}]},"2":{"type":"branch","line":66,"loc":{"start":{"line":66,"column":20},"end":{"line":69,"column":11}},"locations":[{"start":{"line":66,"column":20},"end":{"line":69,"column":11}}]},"3":{"type":"branch","line":69,"loc":{"start":{"line":69,"column":4},"end":{"line":72,"column":5}},"locations":[{"start":{"line":69,"column":4},"end":{"line":72,"column":5}}]},"4":{"type":"branch","line":75,"loc":{"start":{"line":75,"column":2},"end":{"line":77,"column":3}},"locations":[{"start":{"line":75,"column":2},"end":{"line":77,"column":3}}]},"5":{"type":"branch","line":79,"loc":{"start":{"line":79,"column":2},"end":{"line":86,"column":3}},"locations":[{"start":{"line":79,"column":2},"end":{"line":86,"column":3}}]},"6":{"type":"branch","line":92,"loc":{"start":{"line":92,"column":2},"end":{"line":143,"column":3}},"locations":[{"start":{"line":92,"column":2},"end":{"line":143,"column":3}}]},"7":{"type":"branch","line":95,"loc":{"start":{"line":95,"column":12},"end":{"line":106,"column":7}},"locations":[{"start":{"line":95,"column":12},"end":{"line":106,"column":7}}]},"8":{"type":"branch","line":96,"loc":{"start":{"line":96,"column":26},"end":{"line":104,"column":9}},"locations":[{"start":{"line":96,"column":26},"end":{"line":104,"column":9}}]},"9":{"type":"branch","line":97,"loc":{"start":{"line":97,"column":39},"end":{"line":102,"column":11}},"locations":[{"start":{"line":97,"column":39},"end":{"line":102,"column":11}}]},"10":{"type":"branch","line":102,"loc":{"start":{"line":102,"column":10},"end":{"line":104,"column":9}},"locations":[{"start":{"line":102,"column":10},"end":{"line":104,"column":9}}]},"11":{"type":"branch","line":104,"loc":{"start":{"line":104,"column":8},"end":{"line":105,"column":31}},"locations":[{"start":{"line":104,"column":8},"end":{"line":105,"column":31}}]},"12":{"type":"branch","line":107,"loc":{"start":{"line":107,"column":12},"end":{"line":130,"column":7}},"locations":[{"start":{"line":107,"column":12},"end":{"line":130,"column":7}}]},"13":{"type":"branch","line":119,"loc":{"start":{"line":119,"column":8},"end":{"line":129,"column":9}},"locations":[{"start":{"line":119,"column":8},"end":{"line":129,"column":9}}]},"14":{"type":"branch","line":131,"loc":{"start":{"line":131,"column":13},"end":{"line":142,"column":7}},"locations":[{"start":{"line":131,"column":13},"end":{"line":142,"column":7}}]},"15":{"type":"branch","line":140,"loc":{"start":{"line":140,"column":21},"end":{"line":140,"column":50}},"locations":[{"start":{"line":140,"column":21},"end":{"line":140,"column":50}}]},"16":{"type":"branch","line":157,"loc":{"start":{"line":157,"column":2},"end":{"line":199,"column":3}},"locations":[{"start":{"line":157,"column":2},"end":{"line":199,"column":3}}]},"17":{"type":"branch","line":167,"loc":{"start":{"line":167,"column":22},"end":{"line":170,"column":17}},"locations":[{"start":{"line":167,"column":22},"end":{"line":170,"column":17}}]},"18":{"type":"branch","line":172,"loc":{"start":{"line":172,"column":23},"end":{"line":172,"column":67}},"locations":[{"start":{"line":172,"column":23},"end":{"line":172,"column":67}}]},"19":{"type":"branch","line":172,"loc":{"start":{"line":172,"column":62},"end":{"line":192,"column":15}},"locations":[{"start":{"line":172,"column":62},"end":{"line":192,"column":15}}]},"20":{"type":"branch","line":192,"loc":{"start":{"line":192,"column":12},"end":{"line":193,"column":19}},"locations":[{"start":{"line":192,"column":12},"end":{"line":193,"column":19}}]},"21":{"type":"branch","line":195,"loc":{"start":{"line":195,"column":20},"end":{"line":195,"column":77}},"locations":[{"start":{"line":195,"column":20},"end":{"line":195,"column":77}}]},"22":{"type":"branch","line":168,"loc":{"start":{"line":168,"column":13},"end":{"line":170,"column":15}},"locations":[{"start":{"line":168,"column":13},"end":{"line":170,"column":15}}]}},"b":{"0":[6],"1":[6],"2":[1],"3":[5],"4":[5],"5":[7],"6":[7],"7":[6],"8":[2],"9":[1],"10":[0],"11":[4],"12":[4],"13":[0],"14":[3],"15":[0],"16":[25],"17":[0],"18":[18],"19":[9],"20":[16],"21":[3],"22":[0]},"fnMap":{"0":{"name":"App","decl":{"start":{"line":40,"column":2},"end":{"line":62,"column":3}},"loc":{"start":{"line":40,"column":2},"end":{"line":62,"column":3}},"line":40},"1":{"name":"componentDidMount","decl":{"start":{"line":64,"column":2},"end":{"line":73,"column":3}},"loc":{"start":{"line":64,"column":2},"end":{"line":73,"column":3}},"line":64},"2":{"name":"handleQueryChange","decl":{"start":{"line":75,"column":2},"end":{"line":77,"column":3}},"loc":{"start":{"line":75,"column":2},"end":{"line":77,"column":3}},"line":75},"3":{"name":"handleSearch","decl":{"start":{"line":79,"column":2},"end":{"line":86,"column":3}},"loc":{"start":{"line":79,"column":2},"end":{"line":86,"column":3}},"line":79},"4":{"name":"triggerTestError","decl":{"start":{"line":88,"column":2},"end":{"line":90,"column":3}},"loc":{"start":{"line":88,"column":2},"end":{"line":90,"column":3}},"line":88},"5":{"name":"loadPage","decl":{"start":{"line":92,"column":2},"end":{"line":143,"column":3}},"loc":{"start":{"line":92,"column":2},"end":{"line":143,"column":3}},"line":92},"6":{"name":"handleNextPage","decl":{"start":{"line":145,"column":2},"end":{"line":149,"column":3}},"loc":{"start":{"line":145,"column":2},"end":{"line":149,"column":3}},"line":145},"7":{"name":"handlePrevPage","decl":{"start":{"line":151,"column":2},"end":{"line":155,"column":3}},"loc":{"start":{"line":151,"column":2},"end":{"line":155,"column":3}},"line":151},"8":{"name":"render","decl":{"start":{"line":157,"column":2},"end":{"line":199,"column":3}},"loc":{"start":{"line":157,"column":2},"end":{"line":199,"column":3}},"line":157}},"f":{"0":6,"1":6,"2":5,"3":7,"4":0,"5":7,"6":0,"7":0,"8":25}}
,"F:\\RSS 2024\\REACT2025Q3\\rs-react-app\\src\\components\\ErrorBoundary\\ErrorBoundary.tsx": {"path":"F:\\RSS 2024\\REACT2025Q3\\rs-react-app\\src\\components\\ErrorBoundary\\ErrorBoundary.tsx","all":false,"statementMap":{"0":{"start":{"line":1,"column":0},"end":{"line":1,"column":46}},"1":{"start":{"line":2,"column":0},"end":{"line":2,"column":68}},"12":{"start":{"line":13,"column":0},"end":{"line":13,"column":44}},"15":{"start":{"line":16,"column":0},"end":{"line":16,"column":3}},"16":{"start":{"line":17,"column":0},"end":{"line":17,"column":42}},"17":{"start":{"line":18,"column":0},"end":{"line":18,"column":17}},"18":{"start":{"line":19,"column":0},"end":{"line":19,"column":18}},"19":{"start":{"line":20,"column":0},"end":{"line":20,"column":22}},"20":{"start":{"line":21,"column":0},"end":{"line":21,"column":25}},"21":{"start":{"line":22,"column":0},"end":{"line":22,"column":6}},"22":{"start":{"line":23,"column":0},"end":{"line":23,"column":3}},"24":{"start":{"line":25,"column":0},"end":{"line":25,"column":69}},"25":{"start":{"line":26,"column":0},"end":{"line":26,"column":12}},"26":{"start":{"line":27,"column":0},"end":{"line":27,"column":21}},"27":{"start":{"line":28,"column":0},"end":{"line":28,"column":69}},"28":{"start":{"line":29,"column":0},"end":{"line":29,"column":6}},"29":{"start":{"line":30,"column":0},"end":{"line":30,"column":3}},"31":{"start":{"line":32,"column":0},"end":{"line":32,"column":63}},"32":{"start":{"line":33,"column":0},"end":{"line":33,"column":63}},"33":{"start":{"line":34,"column":0},"end":{"line":34,"column":3}},"35":{"start":{"line":36,"column":0},"end":{"line":36,"column":12}},"36":{"start":{"line":37,"column":0},"end":{"line":37,"column":57}},"37":{"start":{"line":38,"column":0},"end":{"line":38,"column":68}},"38":{"start":{"line":39,"column":0},"end":{"line":39,"column":5}},"40":{"start":{"line":41,"column":0},"end":{"line":41,"column":31}},"41":{"start":{"line":42,"column":0},"end":{"line":42,"column":3}},"42":{"start":{"line":43,"column":0},"end":{"line":43,"column":1}},"44":{"start":{"line":45,"column":0},"end":{"line":45,"column":29}}},"s":{"0":1,"1":1,"12":1,"15":1,"16":1,"17":7,"18":7,"19":7,"20":7,"21":7,"22":7,"24":1,"25":6,"26":6,"27":6,"28":6,"29":6,"31":1,"32":3,"33":3,"35":1,"36":11,"37":6,"38":6,"40":5,"41":11,"42":1,"44":1},"branchMap":{"0":{"type":"branch","line":17,"loc":{"start":{"line":17,"column":2},"end":{"line":23,"column":3}},"locations":[{"start":{"line":17,"column":2},"end":{"line":23,"column":3}}]},"1":{"type":"branch","line":25,"loc":{"start":{"line":25,"column":9},"end":{"line":30,"column":3}},"locations":[{"start":{"line":25,"column":9},"end":{"line":30,"column":3}}]},"2":{"type":"branch","line":28,"loc":{"start":{"line":28,"column":26},"end":{"line":28,"column":69}},"locations":[{"start":{"line":28,"column":26},"end":{"line":28,"column":69}}]},"3":{"type":"branch","line":32,"loc":{"start":{"line":32,"column":2},"end":{"line":34,"column":3}},"locations":[{"start":{"line":32,"column":2},"end":{"line":34,"column":3}}]},"4":{"type":"branch","line":36,"loc":{"start":{"line":36,"column":2},"end":{"line":42,"column":3}},"locations":[{"start":{"line":36,"column":2},"end":{"line":42,"column":3}}]},"5":{"type":"branch","line":37,"loc":{"start":{"line":37,"column":19},"end":{"line":37,"column":56}},"locations":[{"start":{"line":37,"column":19},"end":{"line":37,"column":56}}]},"6":{"type":"branch","line":37,"loc":{"start":{"line":37,"column":56},"end":{"line":41,"column":31}},"locations":[{"start":{"line":37,"column":56},"end":{"line":41,"column":31}}]},"7":{"type":"branch","line":37,"loc":{"start":{"line":37,"column":56},"end":{"line":39,"column":5}},"locations":[{"start":{"line":37,"column":56},"end":{"line":39,"column":5}}]},"8":{"type":"branch","line":39,"loc":{"start":{"line":39,"column":4},"end":{"line":41,"column":31}},"locations":[{"start":{"line":39,"column":4},"end":{"line":41,"column":31}}]}},"b":{"0":[7],"1":[6],"2":[0],"3":[3],"4":[11],"5":[6],"6":[7],"7":[6],"8":[5]},"fnMap":{"0":{"name":"ErrorBoundary","decl":{"start":{"line":17,"column":2},"end":{"line":23,"column":3}},"loc":{"start":{"line":17,"column":2},"end":{"line":23,"column":3}},"line":17},"1":{"name":"getDerivedStateFromError","decl":{"start":{"line":25,"column":9},"end":{"line":30,"column":3}},"loc":{"start":{"line":25,"column":9},"end":{"line":30,"column":3}},"line":25},"2":{"name":"componentDidCatch","decl":{"start":{"line":32,"column":2},"end":{"line":34,"column":3}},"loc":{"start":{"line":32,"column":2},"end":{"line":34,"column":3}},"line":32},"3":{"name":"render","decl":{"start":{"line":36,"column":2},"end":{"line":42,"column":3}},"loc":{"start":{"line":36,"column":2},"end":{"line":42,"column":3}},"line":36}},"f":{"0":7,"1":6,"2":3,"3":11}}
,"F:\\RSS 2024\\REACT2025Q3\\rs-react-app\\src\\components\\ErrorButton\\ErrorButton.tsx": {"path":"F:\\RSS 2024\\REACT2025Q3\\rs-react-app\\src\\components\\ErrorButton\\ErrorButton.tsx","all":false,"statementMap":{"0":{"start":{"line":1,"column":0},"end":{"line":1,"column":26}},"6":{"start":{"line":7,"column":0},"end":{"line":7,"column":69}},"7":{"start":{"line":8,"column":0},"end":{"line":8,"column":30}},"8":{"start":{"line":9,"column":0},"end":{"line":9,"column":17}},"9":{"start":{"line":10,"column":0},"end":{"line":10,"column":45}},"10":{"start":{"line":11,"column":0},"end":{"line":11,"column":53}},"11":{"start":{"line":12,"column":0},"end":{"line":12,"column":3}},"13":{"start":{"line":14,"column":0},"end":{"line":14,"column":18}},"14":{"start":{"line":15,"column":0},"end":{"line":15,"column":46}},"15":{"start":{"line":16,"column":0},"end":{"line":16,"column":3}},"17":{"start":{"line":18,"column":0},"end":{"line":18,"column":12}},"18":{"start":{"line":19,"column":0},"end":{"line":19,"column":38}},"19":{"start":{"line":20,"column":0},"end":{"line":20,"column":48}},"20":{"start":{"line":21,"column":0},"end":{"line":21,"column":5}},"21":{"start":{"line":22,"column":0},"end":{"line":22,"column":12}},"22":{"start":{"line":23,"column":0},"end":{"line":23,"column":67}},"24":{"start":{"line":25,"column":0},"end":{"line":25,"column":15}},"26":{"start":{"line":27,"column":0},"end":{"line":27,"column":3}},"27":{"start":{"line":28,"column":0},"end":{"line":28,"column":1}},"29":{"start":{"line":30,"column":0},"end":{"line":30,"column":27}}},"s":{"0":1,"6":1,"7":1,"8":8,"9":8,"10":8,"11":8,"13":1,"14":1,"15":1,"17":1,"18":28,"19":2,"20":2,"21":26,"22":26,"24":26,"26":28,"27":1,"29":1},"branchMap":{"0":{"type":"branch","line":8,"loc":{"start":{"line":8,"column":2},"end":{"line":12,"column":3}},"locations":[{"start":{"line":8,"column":2},"end":{"line":12,"column":3}}]},"1":{"type":"branch","line":14,"loc":{"start":{"line":14,"column":2},"end":{"line":16,"column":3}},"locations":[{"start":{"line":14,"column":2},"end":{"line":16,"column":3}}]},"2":{"type":"branch","line":18,"loc":{"start":{"line":18,"column":2},"end":{"line":27,"column":3}},"locations":[{"start":{"line":18,"column":2},"end":{"line":27,"column":3}}]},"3":{"type":"branch","line":19,"loc":{"start":{"line":19,"column":37},"end":{"line":21,"column":5}},"locations":[{"start":{"line":19,"column":37},"end":{"line":21,"column":5}}]},"4":{"type":"branch","line":21,"loc":{"start":{"line":21,"column":4},"end":{"line":25,"column":15}},"locations":[{"start":{"line":21,"column":4},"end":{"line":25,"column":15}}]}},"b":{"0":[8],"1":[1],"2":[28],"3":[2],"4":[26]},"fnMap":{"0":{"name":"ErrorButton","decl":{"start":{"line":8,"column":2},"end":{"line":12,"column":3}},"loc":{"start":{"line":8,"column":2},"end":{"line":12,"column":3}},"line":8},"1":{"name":"triggerError","decl":{"start":{"line":14,"column":2},"end":{"line":16,"column":3}},"loc":{"start":{"line":14,"column":2},"end":{"line":16,"column":3}},"line":14},"2":{"name":"render","decl":{"start":{"line":18,"column":2},"end":{"line":27,"column":3}},"loc":{"start":{"line":18,"column":2},"end":{"line":27,"column":3}},"line":18}},"f":{"0":8,"1":1,"2":28}}
,"F:\\RSS 2024\\REACT2025Q3\\rs-react-app\\src\\components\\ErrorDescription\\ErrorDescription.tsx": {"path":"F:\\RSS 2024\\REACT2025Q3\\rs-react-app\\src\\components\\ErrorDescription\\ErrorDescription.tsx","all":false,"statementMap":{"0":{"start":{"line":1,"column":0},"end":{"line":1,"column":26}},"6":{"start":{"line":7,"column":0},"end":{"line":7,"column":71}},"7":{"start":{"line":8,"column":0},"end":{"line":8,"column":12}},"8":{"start":{"line":9,"column":0},"end":{"line":9,"column":71}},"9":{"start":{"line":10,"column":0},"end":{"line":10,"column":3}},"10":{"start":{"line":11,"column":0},"end":{"line":11,"column":1}},"12":{"start":{"line":13,"column":0},"end":{"line":13,"column":32}}},"s":{"0":1,"6":1,"7":1,"8":9,"9":9,"10":1,"12":1},"branchMap":{"0":{"type":"branch","line":8,"loc":{"start":{"line":8,"column":2},"end":{"line":10,"column":3}},"locations":[{"start":{"line":8,"column":2},"end":{"line":10,"column":3}}]}},"b":{"0":[9]},"fnMap":{"0":{"name":"render","decl":{"start":{"line":8,"column":2},"end":{"line":10,"column":3}},"loc":{"start":{"line":8,"column":2},"end":{"line":10,"column":3}},"line":8}},"f":{"0":9}}
,"F:\\RSS 2024\\REACT2025Q3\\rs-react-app\\src\\components\\Header\\Header.tsx": {"path":"F:\\RSS 2024\\REACT2025Q3\\rs-react-app\\src\\components\\Header\\Header.tsx","all":false,"statementMap":{"0":{"start":{"line":1,"column":0},"end":{"line":1,"column":26}},"1":{"start":{"line":2,"column":0},"end":{"line":2,"column":56}},"3":{"start":{"line":4,"column":0},"end":{"line":4,"column":38}},"4":{"start":{"line":5,"column":0},"end":{"line":5,"column":12}},"5":{"start":{"line":6,"column":0},"end":{"line":6,"column":60}},"6":{"start":{"line":7,"column":0},"end":{"line":7,"column":3}},"7":{"start":{"line":8,"column":0},"end":{"line":8,"column":1}},"9":{"start":{"line":10,"column":0},"end":{"line":10,"column":22}}},"s":{"0":1,"1":1,"3":1,"4":1,"5":25,"6":25,"7":1,"9":1},"branchMap":{"0":{"type":"branch","line":5,"loc":{"start":{"line":5,"column":2},"end":{"line":7,"column":3}},"locations":[{"start":{"line":5,"column":2},"end":{"line":7,"column":3}}]}},"b":{"0":[25]},"fnMap":{"0":{"name":"render","decl":{"start":{"line":5,"column":2},"end":{"line":7,"column":3}},"loc":{"start":{"line":5,"column":2},"end":{"line":7,"column":3}},"line":5}},"f":{"0":25}}
,"F:\\RSS 2024\\REACT2025Q3\\rs-react-app\\src\\components\\Item\\Item.tsx": {"path":"F:\\RSS 2024\\REACT2025Q3\\rs-react-app\\src\\components\\Item\\Item.tsx","all":false,"statementMap":{"0":{"start":{"line":1,"column":0},"end":{"line":1,"column":26}},"7":{"start":{"line":8,"column":0},"end":{"line":8,"column":47}},"8":{"start":{"line":9,"column":0},"end":{"line":9,"column":12}},"9":{"start":{"line":10,"column":0},"end":{"line":10,"column":39}},"10":{"start":{"line":11,"column":0},"end":{"line":11,"column":12}},"11":{"start":{"line":12,"column":0},"end":{"line":12,"column":28}},"12":{"start":{"line":13,"column":0},"end":{"line":13,"column":54}},"13":{"start":{"line":14,"column":0},"end":{"line":14,"column":70}},"14":{"start":{"line":15,"column":0},"end":{"line":15,"column":12}},"16":{"start":{"line":17,"column":0},"end":{"line":17,"column":3}},"17":{"start":{"line":18,"column":0},"end":{"line":18,"column":1}},"19":{"start":{"line":20,"column":0},"end":{"line":20,"column":20}}},"s":{"0":1,"7":1,"8":1,"9":13,"10":13,"11":13,"12":13,"13":13,"14":13,"16":13,"17":1,"19":1},"branchMap":{"0":{"type":"branch","line":9,"loc":{"start":{"line":9,"column":2},"end":{"line":17,"column":3}},"locations":[{"start":{"line":9,"column":2},"end":{"line":17,"column":3}}]},"1":{"type":"branch","line":14,"loc":{"start":{"line":14,"column":9},"end":{"line":14,"column":70}},"locations":[{"start":{"line":14,"column":9},"end":{"line":14,"column":70}}]}},"b":{"0":[13],"1":[11]},"fnMap":{"0":{"name":"render","decl":{"start":{"line":9,"column":2},"end":{"line":17,"column":3}},"loc":{"start":{"line":9,"column":2},"end":{"line":17,"column":3}},"line":9}},"f":{"0":13}}
,"F:\\RSS 2024\\REACT2025Q3\\rs-react-app\\src\\components\\ItemList\\ItemList.tsx": {"path":"F:\\RSS 2024\\REACT2025Q3\\rs-react-app\\src\\components\\ItemList\\ItemList.tsx","all":false,"statementMap":{"0":{"start":{"line":1,"column":0},"end":{"line":1,"column":26}},"1":{"start":{"line":2,"column":0},"end":{"line":2,"column":32}},"8":{"start":{"line":9,"column":0},"end":{"line":9,"column":55}},"9":{"start":{"line":10,"column":0},"end":{"line":10,"column":12}},"10":{"start":{"line":11,"column":0},"end":{"line":11,"column":45}},"11":{"start":{"line":12,"column":0},"end":{"line":12,"column":12}},"12":{"start":{"line":13,"column":0},"end":{"line":13,"column":33}},"13":{"start":{"line":14,"column":0},"end":{"line":14,"column":37}},"14":{"start":{"line":15,"column":0},"end":{"line":15,"column":15}},"15":{"start":{"line":16,"column":0},"end":{"line":16,"column":30}},"16":{"start":{"line":17,"column":0},"end":{"line":17,"column":33}},"17":{"start":{"line":18,"column":0},"end":{"line":18,"column":35}},"18":{"start":{"line":19,"column":0},"end":{"line":19,"column":12}},"19":{"start":{"line":20,"column":0},"end":{"line":20,"column":11}},"20":{"start":{"line":21,"column":0},"end":{"line":21,"column":12}},"22":{"start":{"line":23,"column":0},"end":{"line":23,"column":3}},"23":{"start":{"line":24,"column":0},"end":{"line":24,"column":1}},"25":{"start":{"line":26,"column":0},"end":{"line":26,"column":24}}},"s":{"0":1,"1":1,"8":1,"9":1,"10":12,"11":12,"12":12,"13":12,"14":11,"15":11,"16":11,"17":11,"18":11,"19":12,"20":12,"22":12,"23":1,"25":1},"branchMap":{"0":{"type":"branch","line":10,"loc":{"start":{"line":10,"column":2},"end":{"line":23,"column":3}},"locations":[{"start":{"line":10,"column":2},"end":{"line":23,"column":3}}]},"1":{"type":"branch","line":11,"loc":{"start":{"line":11,"column":31},"end":{"line":11,"column":45}},"locations":[{"start":{"line":11,"column":31},"end":{"line":11,"column":45}}]},"2":{"type":"branch","line":14,"loc":{"start":{"line":14,"column":21},"end":{"line":19,"column":12}},"locations":[{"start":{"line":14,"column":21},"end":{"line":19,"column":12}}]}},"b":{"0":[12],"1":[1],"2":[11]},"fnMap":{"0":{"name":"render","decl":{"start":{"line":10,"column":2},"end":{"line":23,"column":3}},"loc":{"start":{"line":10,"column":2},"end":{"line":23,"column":3}},"line":10}},"f":{"0":12}}
,"F:\\RSS 2024\\REACT2025Q3\\rs-react-app\\src\\components\\Loader\\Loader.tsx": {"path":"F:\\RSS 2024\\REACT2025Q3\\rs-react-app\\src\\components\\Loader\\Loader.tsx","all":false,"statementMap":{"0":{"start":{"line":1,"column":0},"end":{"line":1,"column":26}},"6":{"start":{"line":7,"column":0},"end":{"line":7,"column":51}},"7":{"start":{"line":8,"column":0},"end":{"line":8,"column":12}},"8":{"start":{"line":9,"column":0},"end":{"line":9,"column":30}},"9":{"start":{"line":10,"column":0},"end":{"line":10,"column":18}},"10":{"start":{"line":11,"column":0},"end":{"line":11,"column":5}},"11":{"start":{"line":12,"column":0},"end":{"line":12,"column":55}},"12":{"start":{"line":13,"column":0},"end":{"line":13,"column":3}},"13":{"start":{"line":14,"column":0},"end":{"line":14,"column":1}},"15":{"start":{"line":16,"column":0},"end":{"line":16,"column":22}}},"s":{"0":1,"6":1,"7":1,"8":25,"9":18,"10":18,"11":7,"12":25,"13":1,"15":1},"branchMap":{"0":{"type":"branch","line":8,"loc":{"start":{"line":8,"column":2},"end":{"line":13,"column":3}},"locations":[{"start":{"line":8,"column":2},"end":{"line":13,"column":3}}]},"1":{"type":"branch","line":9,"loc":{"start":{"line":9,"column":29},"end":{"line":11,"column":5}},"locations":[{"start":{"line":9,"column":29},"end":{"line":11,"column":5}}]},"2":{"type":"branch","line":11,"loc":{"start":{"line":11,"column":4},"end":{"line":12,"column":55}},"locations":[{"start":{"line":11,"column":4},"end":{"line":12,"column":55}}]}},"b":{"0":[25],"1":[18],"2":[7]},"fnMap":{"0":{"name":"render","decl":{"start":{"line":8,"column":2},"end":{"line":13,"column":3}},"loc":{"start":{"line":8,"column":2},"end":{"line":13,"column":3}},"line":8}},"f":{"0":25}}
,"F:\\RSS 2024\\REACT2025Q3\\rs-react-app\\src\\components\\SearchInput\\SearchInput.tsx": {"path":"F:\\RSS 2024\\REACT2025Q3\\rs-react-app\\src\\components\\SearchInput\\SearchInput.tsx","all":false,"statementMap":{"0":{"start":{"line":1,"column":0},"end":{"line":1,"column":26}},"8":{"start":{"line":9,"column":0},"end":{"line":9,"column":61}},"9":{"start":{"line":10,"column":0},"end":{"line":10,"column":40}},"10":{"start":{"line":11,"column":0},"end":{"line":11,"column":17}},"12":{"start":{"line":13,"column":0},"end":{"line":13,"column":53}},"13":{"start":{"line":14,"column":0},"end":{"line":14,"column":53}},"14":{"start":{"line":15,"column":0},"end":{"line":15,"column":55}},"15":{"start":{"line":16,"column":0},"end":{"line":16,"column":3}},"17":{"start":{"line":18,"column":0},"end":{"line":18,"column":56}},"18":{"start":{"line":19,"column":0},"end":{"line":19,"column":40}},"19":{"start":{"line":20,"column":0},"end":{"line":20,"column":3}},"21":{"start":{"line":22,"column":0},"end":{"line":22,"column":18}},"22":{"start":{"line":23,"column":0},"end":{"line":23,"column":42}},"23":{"start":{"line":24,"column":0},"end":{"line":24,"column":3}},"25":{"start":{"line":26,"column":0},"end":{"line":26,"column":59}},"26":{"start":{"line":27,"column":0},"end":{"line":27,"column":28}},"27":{"start":{"line":28,"column":0},"end":{"line":28,"column":44}},"28":{"start":{"line":29,"column":0},"end":{"line":29,"column":5}},"29":{"start":{"line":30,"column":0},"end":{"line":30,"column":3}},"31":{"start":{"line":32,"column":0},"end":{"line":32,"column":12}},"32":{"start":{"line":33,"column":0},"end":{"line":33,"column":12}},"33":{"start":{"line":34,"column":0},"end":{"line":34,"column":51}},"34":{"start":{"line":35,"column":0},"end":{"line":35,"column":14}},"35":{"start":{"line":36,"column":0},"end":{"line":36,"column":21}},"36":{"start":{"line":37,"column":0},"end":{"line":37,"column":34}},"37":{"start":{"line":38,"column":0},"end":{"line":38,"column":38}},"38":{"start":{"line":39,"column":0},"end":{"line":39,"column":40}},"39":{"start":{"line":40,"column":0},"end":{"line":40,"column":41}},"40":{"start":{"line":41,"column":0},"end":{"line":41,"column":10}},"41":{"start":{"line":42,"column":0},"end":{"line":42,"column":61}},"42":{"start":{"line":43,"column":0},"end":{"line":43,"column":12}},"44":{"start":{"line":45,"column":0},"end":{"line":45,"column":3}},"45":{"start":{"line":46,"column":0},"end":{"line":46,"column":1}},"47":{"start":{"line":48,"column":0},"end":{"line":48,"column":27}}},"s":{"0":1,"8":1,"9":1,"10":12,"12":12,"13":12,"14":12,"15":12,"17":1,"18":6,"19":6,"21":1,"22":1,"23":1,"25":1,"26":8,"27":2,"28":2,"29":8,"31":1,"32":31,"33":31,"34":31,"35":31,"36":31,"37":31,"38":31,"39":31,"40":31,"41":31,"42":31,"44":31,"45":1,"47":1},"branchMap":{"0":{"type":"branch","line":10,"loc":{"start":{"line":10,"column":2},"end":{"line":16,"column":3}},"locations":[{"start":{"line":10,"column":2},"end":{"line":16,"column":3}}]},"1":{"type":"branch","line":18,"loc":{"start":{"line":18,"column":2},"end":{"line":20,"column":3}},"locations":[{"start":{"line":18,"column":2},"end":{"line":20,"column":3}}]},"2":{"type":"branch","line":22,"loc":{"start":{"line":22,"column":2},"end":{"line":24,"column":3}},"locations":[{"start":{"line":22,"column":2},"end":{"line":24,"column":3}}]},"3":{"type":"branch","line":26,"loc":{"start":{"line":26,"column":2},"end":{"line":30,"column":3}},"locations":[{"start":{"line":26,"column":2},"end":{"line":30,"column":3}}]},"4":{"type":"branch","line":27,"loc":{"start":{"line":27,"column":27},"end":{"line":29,"column":5}},"locations":[{"start":{"line":27,"column":27},"end":{"line":29,"column":5}}]},"5":{"type":"branch","line":32,"loc":{"start":{"line":32,"column":2},"end":{"line":45,"column":3}},"locations":[{"start":{"line":32,"column":2},"end":{"line":45,"column":3}}]}},"b":{"0":[12],"1":[6],"2":[1],"3":[8],"4":[2],"5":[31]},"fnMap":{"0":{"name":"SearchInput","decl":{"start":{"line":10,"column":2},"end":{"line":16,"column":3}},"loc":{"start":{"line":10,"column":2},"end":{"line":16,"column":3}},"line":10},"1":{"name":"handleChange","decl":{"start":{"line":18,"column":2},"end":{"line":20,"column":3}},"loc":{"start":{"line":18,"column":2},"end":{"line":20,"column":3}},"line":18},"2":{"name":"handleSearch","decl":{"start":{"line":22,"column":2},"end":{"line":24,"column":3}},"loc":{"start":{"line":22,"column":2},"end":{"line":24,"column":3}},"line":22},"3":{"name":"handleKeyDown","decl":{"start":{"line":26,"column":2},"end":{"line":30,"column":3}},"loc":{"start":{"line":26,"column":2},"end":{"line":30,"column":3}},"line":26},"4":{"name":"render","decl":{"start":{"line":32,"column":2},"end":{"line":45,"column":3}},"loc":{"start":{"line":32,"column":2},"end":{"line":45,"column":3}},"line":32}},"f":{"0":12,"1":6,"2":1,"3":8,"4":31}}
}
